<?xml version="1.0" encoding="UTF-8"?>
<testsuite xmlns:xsi="http://www.w3.org/2001/XMLSchema-instance" xsi:noNamespaceSchemaLocation="https://maven.apache.org/surefire/maven-surefire-plugin/xsd/surefire-test-report.xsd" version="3.0.2" name="com.habib.microservices.product.ProductServiceApplicationTests" time="7.973" tests="1" errors="0" skipped="0" failures="0">
  <properties>
[...]
</properties>
  <testcase name="contextLoads" classname="com.habib.microservices.product.ProductServiceApplicationTests" time="0.646">
    <system-out><![CDATA[11:53:27.465 [main] INFO org.springframework.test.context.support.AnnotationConfigContextLoaderUtils -- Could not detect default configuration classes for test class [com.habib.microservices.product.ProductServiceApplicationTests]: ProductServiceApplicationTests does not declare any static, non-private, non-final, nested classes annotated with @Configuration.
11:53:27.634 [main] INFO org.springframework.boot.test.context.SpringBootTestContextBootstrapper -- Found @SpringBootConfiguration com.habib.microservices.product.ProductServiceApplication for test class com.habib.microservices.product.ProductServiceApplicationTests

  .   ____          _            __ _ _
 /\\ / ___'_ __ _ _(_)_ __  __ _ \ \ \ \
( ( )\___ | '_ | '_| | '_ \/ _` | \ \ \ \
 \\/  ___)| |_)| | | | | || (_| |  ) ) ) )
  '  |____| .__|_| |_|_| |_\__, | / / / /
 =========|_|==============|___/=/_/_/_/

 :: Spring Boot ::                (v3.4.4)

2025-04-21T11:53:28.110+06:00  INFO 1836 --- [product-service] [           main] c.h.m.p.ProductServiceApplicationTests   : Starting ProductServiceApplicationTests using Java 21.0.6 with PID 1836 (started by hp in D:\microservice-ecommerce\product-service)
2025-04-21T11:53:28.112+06:00  INFO 1836 --- [product-service] [           main] c.h.m.p.ProductServiceApplicationTests   : No active profile set, falling back to 1 default profile: "default"
2025-04-21T11:53:28.754+06:00  INFO 1836 --- [product-service] [           main] .s.d.r.c.RepositoryConfigurationDelegate : Bootstrapping Spring Data MongoDB repositories in DEFAULT mode.
2025-04-21T11:53:28.799+06:00  INFO 1836 --- [product-service] [           main] .s.d.r.c.RepositoryConfigurationDelegate : Finished Spring Data repository scanning in 39 ms. Found 1 MongoDB repository interface.
2025-04-21T11:53:28.986+06:00  INFO 1836 --- [product-service] [           main] org.testcontainers.images.PullPolicy     : Image pull policy will be performed by: DefaultPullPolicy()
2025-04-21T11:53:28.990+06:00  INFO 1836 --- [product-service] [           main] o.t.utility.ImageNameSubstitutor         : Image name substitution will be performed by: DefaultImageNameSubstitutor (composite of 'ConfigurationFileImageNameSubstitutor' and 'PrefixingImageNameSubstitutor')
2025-04-21T11:53:29.030+06:00  INFO 1836 --- [product-service] [           main] org.testcontainers.DockerClientFactory   : Testcontainers version: 1.20.6
2025-04-21T11:53:29.180+06:00  INFO 1836 --- [product-service] [           main] o.t.d.DockerClientProviderStrategy       : Loaded org.testcontainers.dockerclient.NpipeSocketClientProviderStrategy from ~/.testcontainers.properties, will try it first
2025-04-21T11:53:29.480+06:00  INFO 1836 --- [product-service] [           main] o.t.d.DockerClientProviderStrategy       : Found Docker environment with local Npipe socket (npipe:////./pipe/docker_engine)
2025-04-21T11:53:29.482+06:00  INFO 1836 --- [product-service] [           main] org.testcontainers.DockerClientFactory   : Docker host IP address is localhost
2025-04-21T11:53:29.499+06:00  INFO 1836 --- [product-service] [           main] org.testcontainers.DockerClientFactory   : Connected to docker: 
  Server Version: 27.3.1
  API Version: 1.47
  Operating System: Docker Desktop
  Total Memory: 7788 MB
  Labels: 
    com.docker.desktop.address=npipe://\\.\pipe\docker_cli
2025-04-21T11:53:29.600+06:00  INFO 1836 --- [product-service] [           main] tc.testcontainers/ryuk:0.11.0            : Creating container for image: testcontainers/ryuk:0.11.0
2025-04-21T11:53:29.958+06:00  INFO 1836 --- [product-service] [           main] tc.testcontainers/ryuk:0.11.0            : Container testcontainers/ryuk:0.11.0 is starting: 341c2e48726a253141d2dcabe5fdb447f9787203f96bb5ca86352f7ccb489c9c
2025-04-21T11:53:30.453+06:00  INFO 1836 --- [product-service] [           main] tc.testcontainers/ryuk:0.11.0            : Container testcontainers/ryuk:0.11.0 started in PT0.8525971S
2025-04-21T11:53:30.461+06:00  INFO 1836 --- [product-service] [           main] o.t.utility.RyukResourceReaper           : Ryuk started - will monitor and terminate Testcontainers containers on JVM exit
2025-04-21T11:53:30.462+06:00  INFO 1836 --- [product-service] [           main] org.testcontainers.DockerClientFactory   : Checking the system...
2025-04-21T11:53:30.462+06:00  INFO 1836 --- [product-service] [           main] org.testcontainers.DockerClientFactory   : ✔︎ Docker server version should be at least 1.6.0
2025-04-21T11:53:30.463+06:00  INFO 1836 --- [product-service] [           main] tc.mongo:latest                          : Creating container for image: mongo:latest
2025-04-21T11:53:30.680+06:00  INFO 1836 --- [product-service] [           main] tc.mongo:latest                          : Container mongo:latest is starting: 5136b82217c7b597d9ea43675477394f4005f9ead603909de9adf91654fc3553
2025-04-21T11:53:32.444+06:00  INFO 1836 --- [product-service] [           main] tc.mongo:latest                          : Container mongo:latest started in PT1.9811178S
2025-04-21T11:53:33.964+06:00  INFO 1836 --- [product-service] [           main] org.mongodb.driver.client                : MongoClient with metadata {"driver": {"name": "mongo-java-driver|sync|spring-boot", "version": "5.2.1"}, "os": {"type": "Windows", "name": "Windows 10", "architecture": "amd64", "version": "10.0"}, "platform": "Java/Microsoft/21.0.6+7-LTS"} created with settings MongoClientSettings{readPreference=primary, writeConcern=WriteConcern{w=null, wTimeout=null ms, journal=null}, retryWrites=true, retryReads=true, readConcern=ReadConcern{level=null}, credential=null, transportSettings=null, commandListeners=[], codecRegistry=ProvidersCodecRegistry{codecProviders=[ValueCodecProvider{}, BsonValueCodecProvider{}, DBRefCodecProvider{}, DBObjectCodecProvider{}, DocumentCodecProvider{}, CollectionCodecProvider{}, IterableCodecProvider{}, MapCodecProvider{}, GeoJsonCodecProvider{}, GridFSFileCodecProvider{}, Jsr310CodecProvider{}, JsonObjectCodecProvider{}, BsonCodecProvider{}, EnumCodecProvider{}, com.mongodb.client.model.mql.ExpressionCodecProvider@37d0d373, com.mongodb.Jep395RecordCodecProvider@4052913c, com.mongodb.KotlinCodecProvider@99c4993]}, loggerSettings=LoggerSettings{maxDocumentLength=1000}, clusterSettings={hosts=[localhost:51808], srvServiceName=mongodb, mode=SINGLE, requiredClusterType=UNKNOWN, requiredReplicaSetName='null', serverSelector='null', clusterListeners='[]', serverSelectionTimeout='30000 ms', localThreshold='15 ms'}, socketSettings=SocketSettings{connectTimeoutMS=10000, readTimeoutMS=0, receiveBufferSize=0, proxySettings=ProxySettings{host=null, port=null, username=null, password=null}}, heartbeatSocketSettings=SocketSettings{connectTimeoutMS=10000, readTimeoutMS=10000, receiveBufferSize=0, proxySettings=ProxySettings{host=null, port=null, username=null, password=null}}, connectionPoolSettings=ConnectionPoolSettings{maxSize=100, minSize=0, maxWaitTimeMS=120000, maxConnectionLifeTimeMS=0, maxConnectionIdleTimeMS=0, maintenanceInitialDelayMS=0, maintenanceFrequencyMS=60000, connectionPoolListeners=[], maxConnecting=2}, serverSettings=ServerSettings{heartbeatFrequencyMS=10000, minHeartbeatFrequencyMS=500, serverMonitoringMode=AUTO, serverListeners='[]', serverMonitorListeners='[]'}, sslSettings=SslSettings{enabled=false, invalidHostNameAllowed=false, context=null}, applicationName='null', compressorList=[], uuidRepresentation=JAVA_LEGACY, serverApi=null, autoEncryptionSettings=null, dnsClient=null, inetAddressResolver=null, contextProvider=null, timeoutMS=null}
2025-04-21T11:53:33.982+06:00  INFO 1836 --- [product-service] [localhost:51808] org.mongodb.driver.cluster               : Monitor thread successfully connected to server with description ServerDescription{address=localhost:51808, type=REPLICA_SET_PRIMARY, cryptd=false, state=CONNECTED, ok=true, minWireVersion=0, maxWireVersion=25, maxDocumentSize=16777216, logicalSessionTimeoutMinutes=30, roundTripTimeNanos=23051101, minRoundTripTimeNanos=0, setName='docker-rs', canonicalAddress=5136b82217c7:27017, hosts=[5136b82217c7:27017], passives=[], arbiters=[], primary='5136b82217c7:27017', tagSet=TagSet{[]}, electionId=7fffffff0000000000000001, setVersion=1, topologyVersion=TopologyVersion{processId=6805dd5be5f6b691f10044f5, counter=6}, lastWriteDate=Mon Apr 21 11:53:33 BDT 2025, lastUpdateTimeNanos=556642517027700}
2025-04-21T11:53:34.631+06:00  INFO 1836 --- [product-service] [           main] c.h.m.p.ProductServiceApplicationTests   : Started ProductServiceApplicationTests in 6.842 seconds (process running for 7.884)
]]></system-out>
    <system-err><![CDATA[Mockito is currently self-attaching to enable the inline-mock-maker. This will no longer work in future releases of the JDK. Please add Mockito as an agent to your build what is described in Mockito's documentation: https://javadoc.io/doc/org.mockito/mockito-core/latest/org/mockito/Mockito.html#0.3
WARNING: A Java agent has been loaded dynamically (C:\Users\hp\.m2\repository\net\bytebuddy\byte-buddy-agent\1.15.11\byte-buddy-agent-1.15.11.jar)
WARNING: If a serviceability tool is in use, please run with -XX:+EnableDynamicAgentLoading to hide this warning
WARNING: If a serviceability tool is not in use, please run with -Djdk.instrument.traceUsage for more information
WARNING: Dynamic loading of agents will be disallowed by default in a future release
]]></system-err>
  </testcase>
</testsuite>